
**** 02/19/21 18:24:17 *********** Evaluation PSpice (Nov 1999) **************

 ************Example3.CIR*************


 ****     CIRCUIT DESCRIPTION


******************************************************************************



Vs 1 0 DC 20V;
Is 0 4 DC 50mA;
R1 1 2 500;
R2 2 5 800;
R3 2 4 1KOHM;
R4 4 0 200;
Vx 3 0 DC 0V;
Vy 5 4 DC 0V;
.DC Vs LIST 5V 20V 30V Is 50ma 150mA 50mA;
.PRINT DC V(4) I(Vx) I(Vy);
.PLOT DC I(Vy);
.PROBE;
.END

**** 02/19/21 18:24:17 *********** Evaluation PSpice (Nov 1999) **************

 ************Example3.CIR*************


 ****     DC TRANSFER CURVES               TEMPERATURE =   27.000 DEG C


******************************************************************************



  Vs          V(4)        I(Vx)       I(Vy)       

   5.000E+00   9.126E+00   0.000E+00  -2.427E-03
   2.000E+01   1.175E+01   0.000E+00   4.854E-03
   3.000E+01   1.350E+01   0.000E+00   9.709E-03
   5.000E+00   1.738E+01   0.000E+00  -7.282E-03
   2.000E+01   2.000E+01   0.000E+00   1.942E-12
   3.000E+01   2.175E+01   0.000E+00   4.854E-03
   5.000E+00   2.563E+01   0.000E+00  -1.214E-02
   2.000E+01   2.825E+01   0.000E+00  -4.854E-03
   3.000E+01   3.000E+01   0.000E+00   2.913E-12



**** 02/19/21 18:24:17 *********** Evaluation PSpice (Nov 1999) **************

 ************Example3.CIR*************


 ****     DC TRANSFER CURVES               TEMPERATURE =   27.000 DEG C


******************************************************************************



  Vs          I(Vy)       
(*)----------   -2.0000E-02  -1.0000E-02   0.0000E+00   1.0000E-02   2.0000E-02
                       _ _ _ _ _ _ _ _ _ _ _ _ _ _ _ _ _ _ _ _ _ _ _ _ _ _ _
  5.000E+00 -2.427E-03 .            .         *  .            .            .
  2.000E+01  4.854E-03 .            .            .     *      .            .
  3.000E+01  9.709E-03 .            .            .            *            .
  5.000E+00 -7.282E-03 .            .   *        .            .            .
  2.000E+01  1.942E-12 .            .            *            .            .
  3.000E+01  4.854E-03 .            .            .     *      .            .
  5.000E+00 -1.214E-02 .         *  .            .            .            .
  2.000E+01 -4.854E-03 .            .      *     .            .            .
  3.000E+01  2.913E-12 .            .            *            .            .
                       - - - - - - - - - - - - - - - - - - - - - - - - - - - 




          JOB CONCLUDED

          TOTAL JOB TIME             .02
