
**** 03/16/21 14:52:08 *********** Evaluation PSpice (Nov 1999) **************

 ********************


 ****     CIRCUIT DESCRIPTION


******************************************************************************



Vs 1 0 DC 20;
Is 0 4 DC 50mA;
R1 1 2 500;
R2 2 5 800;
R3 2 3 1k;
R4 4 0 200;
Vx 3 0 DC 0V;
Vy 5 4 DC 0V;
.DC Vs LIST 5 20 30 Is 50mA 150mA 50mA;
.PRINT DC V(4) I(Vx) I(vy);
.PLOT DC I(Vy);
.PROBE;
.END; 

**** 03/16/21 14:52:08 *********** Evaluation PSpice (Nov 1999) **************

 ********************


 ****     DC TRANSFER CURVES               TEMPERATURE =   27.000 DEG C


******************************************************************************



  Vs          V(4)        I(Vx)       I(vy)       

   5.000E+00   9.000E+00   5.000E-03  -5.000E-03
   2.000E+01   1.050E+01   1.250E-02   2.500E-03
   3.000E+01   1.150E+01   1.750E-02   7.500E-03
   5.000E+00   1.750E+01   7.500E-03  -1.250E-02
   2.000E+01   1.900E+01   1.500E-02  -5.000E-03
   3.000E+01   2.000E+01   2.000E-02   3.000E-12
   5.000E+00   2.600E+01   1.000E-02  -2.000E-02
   2.000E+01   2.750E+01   1.750E-02  -1.250E-02
   3.000E+01   2.850E+01   2.250E-02  -7.500E-03



**** 03/16/21 14:52:08 *********** Evaluation PSpice (Nov 1999) **************

 ********************


 ****     DC TRANSFER CURVES               TEMPERATURE =   27.000 DEG C


******************************************************************************



  Vs          I(Vy)       
(*)----------   -2.0000E-02  -1.0000E-02   0.0000E+00   1.0000E-02   2.0000E-02
                       _ _ _ _ _ _ _ _ _ _ _ _ _ _ _ _ _ _ _ _ _ _ _ _ _ _ _
  5.000E+00 -5.000E-03 .            .      *     .            .            .
  2.000E+01  2.500E-03 .            .            .  *         .            .
  3.000E+01  7.500E-03 .            .            .         *  .            .
  5.000E+00 -1.250E-02 .         *  .            .            .            .
  2.000E+01 -5.000E-03 .            .      *     .            .            .
  3.000E+01  3.000E-12 .            .            *            .            .
  5.000E+00 -2.000E-02 *            .            .            .            .
  2.000E+01 -1.250E-02 .         *  .            .            .            .
  3.000E+01 -7.500E-03 .            .  *         .            .            .
                       - - - - - - - - - - - - - - - - - - - - - - - - - - - 




          JOB CONCLUDED

          TOTAL JOB TIME             .02
