
**** 03/30/21 22:17:24 *********** Evaluation PSpice (Nov 1999) **************

 ***EXAMPLE11.CIR****


 ****     CIRCUIT DESCRIPTION


******************************************************************************



rs 1 2 500;
r1 7 3 47k;
r2 3 0 5k;
rc 7 4 10k;
re 5 0 2k;
rl 6 0 20k;
c1 2 3 1u;
ce 5 0 10u;
c2 4 6 1u;
q1 4 3 5 0 qm;
.model qm pnp(is=2E-16 bf=100 br=1 rb=5 cje=-0.4pf rc=1 re=0 tf=0.2ns tr=5ns
+ vje=0.8 me=0.4 cjc=0.5pf vjc=0.8 va=100 ccs=1pf);
vcc 0 7 dc 15;
vin 1 0 ac 10m sin( 0 10m 1k);
.plot tran v(4) v(6) v(1);
.plot ac vm(6) vp(6);
.options nopage noecho;



 ****     BJT MODEL PARAMETERS




               qm              
               PNP             
          IS  200.000000E-18 
          BF  100            
          NF    1            
         VAF  100            
          BR    1            
          NR    1            
          RB    5            
          RC    1            
         CJE -400.000000E-15 
         VJE     .8          
         MJE     .4          
         CJC  500.000000E-15 
         VJC     .8          
         CJS    1.000000E-12 
          TF  200.000000E-12 
          TR    5.000000E-09 
          CN    2.2          
           D     .52         




 ****     SMALL SIGNAL BIAS SOLUTION       TEMPERATURE =   27.000 DEG C



 NODE   VOLTAGE     NODE   VOLTAGE     NODE   VOLTAGE     NODE   VOLTAGE


(    1)    0.0000  (    2)    0.0000  (    3)   -1.4280  (    4)  -11.5240      

(    5)    -.7016  (    6)    0.0000  (    7)  -15.0000  




    VOLTAGE SOURCE CURRENTS
    NAME         CURRENT

    vcc         -6.364E-04
    vin          0.000E+00

    TOTAL POWER DISSIPATION   9.55E-03  WATTS




 ****     OPERATING POINT INFORMATION      TEMPERATURE =   27.000 DEG C






**** BIPOLAR JUNCTION TRANSISTORS


NAME         q1        
MODEL        qm        
IB          -3.16E-06 
IC          -3.48E-04 
VBE         -7.26E-01 
VBC          1.01E+01 
VCE         -1.08E+01 
BETADC       1.10E+02 
GM           1.34E-02 
RPI          8.19E+03 
RX           5.00E+00 
RO           3.17E+05 
CBE          1.99E-12 
CBC          2.11E-13 
CJS          1.00E-12 
BETAAC       1.10E+02 
CBX/CBX2     0.00E+00 
FT/FT2       9.72E+08 




 ****     AC ANALYSIS                      TEMPERATURE =   27.000 DEG C



 LEGEND:

*: VM(6)
+: VP(6)

  FREQ        VM(6)       


(*)----------    1.0000E-04   1.0000E-03   1.0000E-02   1.0000E-01   1.0000E+00
(+)----------   -2.0000E+02  -1.5000E+02  -1.0000E+02  -5.0000E+01   0.0000E+00
                       _ _ _ _ _ _ _ _ _ _ _ _ _ _ _ _ _ _ _ _ _ _ _ _ _ _ _
  1.000E+00  1.651E-04 .  *         .            .            .           +.
  1.259E+00  2.602E-04 .     *      .            .            .          + .
  1.585E+00  4.089E-04 .       *    .            .            .          + .
  1.995E+00  6.395E-04 .          * .            .            .         +  .
  2.512E+00  9.942E-04 .            *            .            .         +  .
  3.162E+00  1.534E-03 .            .  *         .            .        +   .
  3.981E+00  2.344E-03 .            .    *       .            .       +    .
  5.012E+00  3.550E-03 .            .       *    .            .      +     .
  6.310E+00  5.336E-03 .            .         *  .            .     +      .
  7.943E+00  7.980E-03 .            .           *.            .     +      .
  1.000E+01  1.190E-02 .            .            .*           .    +       .
  1.259E+01  1.769E-02 .            .            .   *        .   +        .
  1.585E+01  2.613E-02 .            .            .     *      .  +         .
  1.995E+01  3.818E-02 .            .            .       *    .+           .
  2.512E+01  5.481E-02 .            .            .         * +.            .
  3.162E+01  7.696E-02 .            .            .          +*.            .
  3.981E+01  1.054E-01 .            .            .        +   .*           .
  5.012E+01  1.407E-01 .            .            .      +     . *          .
  6.310E+01  1.834E-01 .            .            .   +        .   *        .
  7.943E+01  2.338E-01 .            .            . +          .    *       .
  1.000E+02  2.916E-01 .            .            +            .      *     .
  1.259E+02  3.558E-01 .            .          + .            .       *    .
  1.585E+02  4.237E-01 .            .        +   .            .        *   .
  1.995E+02  4.912E-01 .            .      +     .            .        *   .
  2.512E+02  5.536E-01 .            .    +       .            .         *  .
  3.162E+02  6.071E-01 .            .  +         .            .          * .
  3.981E+02  6.497E-01 .            .+           .            .          * .
  5.012E+02  6.815E-01 .           +.            .            .          * .
  6.310E+02  7.041E-01 .          + .            .            .           *.
  7.943E+02  7.195E-01 .         +  .            .            .           *.
  1.000E+03  7.298E-01 .        +   .            .            .           *.
  1.259E+03  7.365E-01 .       +    .            .            .           *.
  1.585E+03  7.408E-01 .       +    .            .            .           *.
  1.995E+03  7.436E-01 .      +     .            .            .           *.
  2.512E+03  7.453E-01 .      +     .            .            .           *.
  3.162E+03  7.464E-01 .     +      .            .            .           *.
  3.981E+03  7.471E-01 .     +      .            .            .           *.
  5.012E+03  7.476E-01 .     +      .            .            .           *.
  6.310E+03  7.479E-01 .     +      .            .            .           *.
  7.943E+03  7.480E-01 .     +      .            .            .           *.
  1.000E+04  7.482E-01 .     +      .            .            .           *.
                       - - - - - - - - - - - - - - - - - - - - - - - - - - - 





 ****     INITIAL TRANSIENT SOLUTION       TEMPERATURE =   27.000 DEG C



 NODE   VOLTAGE     NODE   VOLTAGE     NODE   VOLTAGE     NODE   VOLTAGE


(    1)    0.0000  (    2)    0.0000  (    3)   -1.4280  (    4)  -11.5240      

(    5)    -.7016  (    6)    0.0000  (    7)  -15.0000  




    VOLTAGE SOURCE CURRENTS
    NAME         CURRENT

    vcc         -6.364E-04
    vin          0.000E+00

    TOTAL POWER DISSIPATION   9.55E-03  WATTS




 ****     OPERATING POINT INFORMATION      TEMPERATURE =   27.000 DEG C






**** BIPOLAR JUNCTION TRANSISTORS


NAME         q1        
MODEL        qm        
IB          -3.16E-06 
IC          -3.48E-04 
VBE         -7.26E-01 
VBC          1.01E+01 
VCE         -1.08E+01 
BETADC       1.10E+02 
GM           1.34E-02 
RPI          8.19E+03 
RX           5.00E+00 
RO           3.17E+05 
CBE          1.99E-12 
CBC          2.11E-13 
CJS          1.00E-12 
BETAAC       1.10E+02 
CBX/CBX2     0.00E+00 
FT/FT2       9.72E+08 




 ****     TRANSIENT ANALYSIS               TEMPERATURE =   27.000 DEG C



 LEGEND:

*: V(4)
+: V(6)
=: V(1)

  TIME        V(4)        
(*)----------   -1.2500E+01  -1.2000E+01  -1.1500E+01  -1.1000E+01  -1.0500E+01
(+)----------   -1.0000E+00  -5.0000E-01   0.0000E+00   5.0000E-01   1.0000E+00
(=)----------   -1.0000E-02  -5.0000E-03   0.0000E+00   5.0000E-03   1.0000E-02
                       _ _ _ _ _ _ _ _ _ _ _ _ _ _ _ _ _ _ _ _ _ _ _ _ _ _ _
  0.000E+00 -1.152E+01 .            .           *X            .            .
  5.000E-05 -1.174E+01 .            .      X     .       =    .            .
  1.000E-04 -1.190E+01 .            .  X         .            . =          .
  1.500E-04 -1.201E+01 .            *+           .            .       =    .
  2.000E-04 -1.206E+01 .          *+.            .            .           =.
  2.500E-04 -1.206E+01 .           X.            .            .            =
  3.000E-04 -1.199E+01 .            *+           .            .           =.
  3.500E-04 -1.188E+01 .            .  *+        .            .       =    .
  4.000E-04 -1.171E+01 .            .       X    .            . =          .
  4.500E-04 -1.150E+01 .            .            *+      =    .            .
  5.000E-04 -1.127E+01 .            .            =     *+     .            .
  5.500E-04 -1.104E+01 .            .    =       .           *+            .
  6.000E-04 -1.084E+01 .          = .            .            .   *+       .
  6.500E-04 -1.069E+01 .    =       .            .            .       *+   .
  7.000E-04 -1.064E+01 .=           .            .            .        *+  .
  7.500E-04 -1.068E+01 =            .            .            .       *+   .
  8.000E-04 -1.081E+01 .=           .            .            .    *+      .
  8.500E-04 -1.099E+01 .    =       .            .            *+           .
  9.000E-04 -1.122E+01 .          = .            .      *+    .            .
  9.500E-04 -1.146E+01 .            .    =       .X           .            .
  1.000E-03 -1.168E+01 .            .       *+   =            .            .
  1.050E-03 -1.188E+01 .            .  *+        .       =    .            .
  1.100E-03 -1.202E+01 .           *+            .            . =          .
  1.150E-03 -1.211E+01 .         *+ .            .            .       =    .
  1.200E-03 -1.216E+01 .        X   .            .            .           =.
  1.250E-03 -1.215E+01 .        *+  .            .            .            =
  1.300E-03 -1.209E+01 .          X .            .            .           =.
  1.350E-03 -1.197E+01 .            .X           .            .       =    .
  1.400E-03 -1.180E+01 .            .    *+      .            . =          .
  1.450E-03 -1.160E+01 .            .         *+ .       =    .            .
  1.500E-03 -1.137E+01 .            .            =  *+        .            .
  1.550E-03 -1.114E+01 .            .    =       .        *+  .            .
  1.600E-03 -1.093E+01 .          = .            .            . X          .
  1.650E-03 -1.079E+01 .    =       .            .            .     X      .
  1.700E-03 -1.073E+01 .=           .            .            .      *+    .
  1.750E-03 -1.076E+01 =            .            .            .     *+     .
  1.800E-03 -1.087E+01 .=           .            .            .  *+        .
  1.850E-03 -1.105E+01 .    =       .            .           X.            .
  1.900E-03 -1.127E+01 .          = .            .     X      .            .
  1.950E-03 -1.150E+01 .            .    =       X            .            .
  2.000E-03 -1.172E+01 .            .      *+    =            .            .
                       - - - - - - - - - - - - - - - - - - - - - - - - - - - 




          JOB CONCLUDED

          TOTAL JOB TIME             .02
