
**** 02/19/21 18:11:14 *********** Evaluation PSpice (Nov 1999) **************

 ****EXAMPLE2.CIR****


 ****     CIRCUIT DESCRIPTION


******************************************************************************



Vs 1 0 DC 20V;
R1 1 2 500;
R2 2 5 800;
R3 2 3 1K;
R4 0 4 200;
Vx 3 0 DC 0V;
Vy 5 4 DC 0V;
Is 0 4 DC 50mA;
.DC Vs 10 30 10;
.PRINT DC V(4) I(Vx) I(Vy);
.END;

**** 02/19/21 18:11:14 *********** Evaluation PSpice (Nov 1999) **************

 ****EXAMPLE2.CIR****


 ****     DC TRANSFER CURVES               TEMPERATURE =   27.000 DEG C


******************************************************************************



  Vs          V(4)        I(Vx)       I(Vy)       

   1.000E+01   9.500E+00   7.500E-03  -2.500E-03
   2.000E+01   1.050E+01   1.250E-02   2.500E-03
   3.000E+01   1.150E+01   1.750E-02   7.500E-03




          JOB CONCLUDED

          TOTAL JOB TIME            0.00
