
**** 03/30/21 15:04:29 *********** Evaluation PSpice (Nov 1999) **************

 ******************QUE8***********************


 ****     CIRCUIT DESCRIPTION


******************************************************************************



IB 0 1 DC 1mA;
VCE 2 0 DC 12V;
Q1 2 1 0 Q2N2222A;
.MODEL Q2N2222A NPN (IS=2.105E-16 BF=173 VA=83.3V CJE=29.6PF CJC=19.4PF TF 489.88PS TR=4.9NS);
.DC VCE 0 10V 0.02V IB 0 1mA 200uA;
.PROBE;
.END;

**** 03/30/21 15:04:29 *********** Evaluation PSpice (Nov 1999) **************

 ******************QUE8***********************


 ****     BJT MODEL PARAMETERS


******************************************************************************




               Q2N2222A        
               NPN             
          IS  210.500000E-18 
          BF  173            
          NF    1            
         VAF   83.3          
          BR    1            
          NR    1            
         CJE   29.600000E-12 
         CJC   19.400000E-12 
          TF  489.880000E-12 
          TR    4.900000E-09 
          CN    2.42         
           D     .87         



          JOB CONCLUDED

          TOTAL JOB TIME             .13
